{"C:\\Users\\Kaveen Thivanka\\Desktop\\NodeJs\\11-unit-testing-02\\index.js": {"path":"C:\\Users\\Kaveen Thivanka\\Desktop\\NodeJs\\11-unit-testing-02\\index.js","statementMap":{"0":{"start":{"line":1,"column":16},"end":{"line":1,"column":34}},"1":{"start":{"line":2,"column":12},"end":{"line":2,"column":21}},"2":{"start":{"line":3,"column":19},"end":{"line":3,"column":46}},"3":{"start":{"line":4,"column":0},"end":{"line":4,"column":31}},"4":{"start":{"line":5,"column":0},"end":{"line":5,"column":33}},"5":{"start":{"line":6,"column":0},"end":{"line":6,"column":26}},"6":{"start":{"line":7,"column":0},"end":{"line":7,"column":30}},"7":{"start":{"line":8,"column":0},"end":{"line":8,"column":34}},"8":{"start":{"line":10,"column":11},"end":{"line":10,"column":35}},"9":{"start":{"line":11,"column":0},"end":{"line":13,"column":3}},"10":{"start":{"line":12,"column":2},"end":{"line":12,"column":9}},"11":{"start":{"line":14,"column":15},"end":{"line":16,"column":1}},"12":{"start":{"line":15,"column":2},"end":{"line":15,"column":45}},"13":{"start":{"line":18,"column":0},"end":{"line":18,"column":24}}},"fnMap":{"0":{"name":"(anonymous_0)","decl":{"start":{"line":11,"column":18},"end":{"line":11,"column":19}},"loc":{"start":{"line":11,"column":30},"end":{"line":13,"column":1}},"line":11},"1":{"name":"(anonymous_1)","decl":{"start":{"line":14,"column":32},"end":{"line":14,"column":33}},"loc":{"start":{"line":15,"column":2},"end":{"line":15,"column":45}},"line":15}},"branchMap":{"0":{"loc":{"start":{"line":10,"column":11},"end":{"line":10,"column":35}},"type":"binary-expr","locations":[{"start":{"line":10,"column":11},"end":{"line":10,"column":27}},{"start":{"line":10,"column":31},"end":{"line":10,"column":35}}],"line":10}},"s":{"0":2,"1":2,"2":2,"3":2,"4":2,"5":2,"6":2,"7":2,"8":2,"9":2,"10":0,"11":2,"12":2,"13":2},"f":{"0":0,"1":2},"b":{"0":[2,2]},"_coverageSchema":"1a1c01bbd47fc00a2c39e90264f33305004495a9","hash":"5f9aed84830e90b52c24ad78aec438bebdffa70f"}
,"C:\\Users\\Kaveen Thivanka\\Desktop\\NodeJs\\11-unit-testing-02\\middleware\\admin.js": {"path":"C:\\Users\\Kaveen Thivanka\\Desktop\\NodeJs\\11-unit-testing-02\\middleware\\admin.js","statementMap":{"0":{"start":{"line":1,"column":0},"end":{"line":4,"column":2}},"1":{"start":{"line":2,"column":2},"end":{"line":2,"column":71}},"2":{"start":{"line":2,"column":25},"end":{"line":2,"column":71}},"3":{"start":{"line":3,"column":2},"end":{"line":3,"column":9}}},"fnMap":{"0":{"name":"(anonymous_0)","decl":{"start":{"line":1,"column":17},"end":{"line":1,"column":18}},"loc":{"start":{"line":1,"column":43},"end":{"line":4,"column":1}},"line":1}},"branchMap":{"0":{"loc":{"start":{"line":2,"column":2},"end":{"line":2,"column":71}},"type":"if","locations":[{"start":{"line":2,"column":2},"end":{"line":2,"column":71}},{"start":{"line":2,"column":2},"end":{"line":2,"column":71}}],"line":2}},"s":{"0":2,"1":0,"2":0,"3":0},"f":{"0":0},"b":{"0":[0,0]},"_coverageSchema":"1a1c01bbd47fc00a2c39e90264f33305004495a9","hash":"39182d2d32daa940fd1a1fef841f17df40e46712"}
,"C:\\Users\\Kaveen Thivanka\\Desktop\\NodeJs\\11-unit-testing-02\\middleware\\auth.js": {"path":"C:\\Users\\Kaveen Thivanka\\Desktop\\NodeJs\\11-unit-testing-02\\middleware\\auth.js","statementMap":{"0":{"start":{"line":1,"column":12},"end":{"line":1,"column":35}},"1":{"start":{"line":2,"column":15},"end":{"line":2,"column":32}},"2":{"start":{"line":4,"column":0},"end":{"line":18,"column":2}},"3":{"start":{"line":5,"column":16},"end":{"line":5,"column":42}},"4":{"start":{"line":6,"column":2},"end":{"line":8,"column":3}},"5":{"start":{"line":7,"column":4},"end":{"line":7,"column":69}},"6":{"start":{"line":10,"column":2},"end":{"line":17,"column":3}},"7":{"start":{"line":11,"column":27},"end":{"line":11,"column":73}},"8":{"start":{"line":12,"column":4},"end":{"line":12,"column":30}},"9":{"start":{"line":13,"column":4},"end":{"line":13,"column":11}},"10":{"start":{"line":15,"column":4},"end":{"line":15,"column":28}},"11":{"start":{"line":16,"column":4},"end":{"line":16,"column":42}}},"fnMap":{"0":{"name":"(anonymous_0)","decl":{"start":{"line":4,"column":17},"end":{"line":4,"column":18}},"loc":{"start":{"line":4,"column":43},"end":{"line":18,"column":1}},"line":4}},"branchMap":{"0":{"loc":{"start":{"line":6,"column":2},"end":{"line":8,"column":3}},"type":"if","locations":[{"start":{"line":6,"column":2},"end":{"line":8,"column":3}},{"start":{"line":6,"column":2},"end":{"line":8,"column":3}}],"line":6}},"s":{"0":3,"1":3,"2":3,"3":8,"4":8,"5":2,"6":6,"7":6,"8":6,"9":6,"10":0,"11":0},"f":{"0":8},"b":{"0":[2,6]},"_coverageSchema":"1a1c01bbd47fc00a2c39e90264f33305004495a9","hash":"4efca988926b75f11f9320d88eebcbe902458fa8"}
,"C:\\Users\\Kaveen Thivanka\\Desktop\\NodeJs\\11-unit-testing-02\\middleware\\error.js": {"path":"C:\\Users\\Kaveen Thivanka\\Desktop\\NodeJs\\11-unit-testing-02\\middleware\\error.js","statementMap":{"0":{"start":{"line":1,"column":19},"end":{"line":1,"column":47}},"1":{"start":{"line":3,"column":0},"end":{"line":11,"column":2}},"2":{"start":{"line":5,"column":2},"end":{"line":5,"column":72}},"3":{"start":{"line":6,"column":2},"end":{"line":10,"column":4}}},"fnMap":{"0":{"name":"(anonymous_0)","decl":{"start":{"line":3,"column":17},"end":{"line":3,"column":18}},"loc":{"start":{"line":3,"column":48},"end":{"line":11,"column":1}},"line":3}},"branchMap":{"0":{"loc":{"start":{"line":7,"column":7},"end":{"line":7,"column":24}},"type":"binary-expr","locations":[{"start":{"line":7,"column":7},"end":{"line":7,"column":17}},{"start":{"line":7,"column":21},"end":{"line":7,"column":24}}],"line":7}},"s":{"0":2,"1":2,"2":0,"3":0},"f":{"0":0},"b":{"0":[0,0]},"_coverageSchema":"1a1c01bbd47fc00a2c39e90264f33305004495a9","hash":"c6352eb217b81f7536fbf224595e1702a54bc454"}
,"C:\\Users\\Kaveen Thivanka\\Desktop\\NodeJs\\11-unit-testing-02\\middleware\\trycatch.js": {"path":"C:\\Users\\Kaveen Thivanka\\Desktop\\NodeJs\\11-unit-testing-02\\middleware\\trycatch.js","statementMap":{"0":{"start":{"line":1,"column":0},"end":{"line":9,"column":2}},"1":{"start":{"line":2,"column":2},"end":{"line":8,"column":4}},"2":{"start":{"line":3,"column":4},"end":{"line":7,"column":5}},"3":{"start":{"line":4,"column":6},"end":{"line":4,"column":30}},"4":{"start":{"line":6,"column":6},"end":{"line":6,"column":15}}},"fnMap":{"0":{"name":"(anonymous_0)","decl":{"start":{"line":1,"column":17},"end":{"line":1,"column":18}},"loc":{"start":{"line":1,"column":36},"end":{"line":9,"column":1}},"line":1},"1":{"name":"(anonymous_1)","decl":{"start":{"line":2,"column":9},"end":{"line":2,"column":10}},"loc":{"start":{"line":2,"column":35},"end":{"line":8,"column":3}},"line":2}},"branchMap":{},"s":{"0":2,"1":2,"2":1,"3":1,"4":0},"f":{"0":2,"1":1},"b":{},"_coverageSchema":"1a1c01bbd47fc00a2c39e90264f33305004495a9","hash":"e8ff6cce3957d3550e606e9bfb5cef0af264c8cf"}
,"C:\\Users\\Kaveen Thivanka\\Desktop\\NodeJs\\11-unit-testing-02\\models\\customer.js": {"path":"C:\\Users\\Kaveen Thivanka\\Desktop\\NodeJs\\11-unit-testing-02\\models\\customer.js","statementMap":{"0":{"start":{"line":1,"column":17},"end":{"line":1,"column":36}},"1":{"start":{"line":2,"column":12},"end":{"line":2,"column":26}},"2":{"start":{"line":4,"column":18},"end":{"line":24,"column":1}},"3":{"start":{"line":27,"column":17},"end":{"line":31,"column":4}},"4":{"start":{"line":33,"column":2},"end":{"line":33,"column":31}},"5":{"start":{"line":36,"column":0},"end":{"line":39,"column":2}}},"fnMap":{"0":{"name":"validateCustomer","decl":{"start":{"line":26,"column":9},"end":{"line":26,"column":25}},"loc":{"start":{"line":26,"column":32},"end":{"line":34,"column":1}},"line":26}},"branchMap":{},"s":{"0":2,"1":2,"2":2,"3":0,"4":0,"5":2},"f":{"0":0},"b":{},"_coverageSchema":"1a1c01bbd47fc00a2c39e90264f33305004495a9","hash":"ffd3b79018016047c4ab1333cd4fa74683cf29ef"}
,"C:\\Users\\Kaveen Thivanka\\Desktop\\NodeJs\\11-unit-testing-02\\models\\genre.js": {"path":"C:\\Users\\Kaveen Thivanka\\Desktop\\NodeJs\\11-unit-testing-02\\models\\genre.js","statementMap":{"0":{"start":{"line":1,"column":12},"end":{"line":1,"column":26}},"1":{"start":{"line":2,"column":17},"end":{"line":2,"column":36}},"2":{"start":{"line":4,"column":20},"end":{"line":11,"column":2}},"3":{"start":{"line":13,"column":14},"end":{"line":13,"column":50}},"4":{"start":{"line":16,"column":17},"end":{"line":18,"column":4}},"5":{"start":{"line":20,"column":2},"end":{"line":20,"column":31}},"6":{"start":{"line":23,"column":0},"end":{"line":27,"column":2}}},"fnMap":{"0":{"name":"validateGenre","decl":{"start":{"line":15,"column":9},"end":{"line":15,"column":22}},"loc":{"start":{"line":15,"column":29},"end":{"line":21,"column":1}},"line":15}},"branchMap":{},"s":{"0":2,"1":2,"2":2,"3":2,"4":5,"5":5,"6":2},"f":{"0":5},"b":{},"_coverageSchema":"1a1c01bbd47fc00a2c39e90264f33305004495a9","hash":"95452c97218a23bb070de4ac99e3d867b90738bb"}
,"C:\\Users\\Kaveen Thivanka\\Desktop\\NodeJs\\11-unit-testing-02\\models\\movie.js": {"path":"C:\\Users\\Kaveen Thivanka\\Desktop\\NodeJs\\11-unit-testing-02\\models\\movie.js","statementMap":{"0":{"start":{"line":1,"column":17},"end":{"line":1,"column":36}},"1":{"start":{"line":2,"column":12},"end":{"line":2,"column":26}},"2":{"start":{"line":3,"column":24},"end":{"line":3,"column":42}},"3":{"start":{"line":5,"column":15},"end":{"line":31,"column":1}},"4":{"start":{"line":34,"column":17},"end":{"line":39,"column":4}},"5":{"start":{"line":40,"column":2},"end":{"line":40,"column":31}},"6":{"start":{"line":43,"column":0},"end":{"line":46,"column":2}}},"fnMap":{"0":{"name":"validateMovies","decl":{"start":{"line":33,"column":9},"end":{"line":33,"column":23}},"loc":{"start":{"line":33,"column":30},"end":{"line":41,"column":1}},"line":33}},"branchMap":{},"s":{"0":2,"1":2,"2":2,"3":2,"4":0,"5":0,"6":2},"f":{"0":0},"b":{},"_coverageSchema":"1a1c01bbd47fc00a2c39e90264f33305004495a9","hash":"2962120887bfa56ccc38e838840ca20b88784853"}
,"C:\\Users\\Kaveen Thivanka\\Desktop\\NodeJs\\11-unit-testing-02\\models\\rental.js": {"path":"C:\\Users\\Kaveen Thivanka\\Desktop\\NodeJs\\11-unit-testing-02\\models\\rental.js","statementMap":{"0":{"start":{"line":1,"column":17},"end":{"line":1,"column":36}},"1":{"start":{"line":2,"column":12},"end":{"line":2,"column":26}},"2":{"start":{"line":5,"column":15},"end":{"line":60,"column":1}},"3":{"start":{"line":63,"column":17},"end":{"line":66,"column":4}},"4":{"start":{"line":68,"column":2},"end":{"line":68,"column":33}},"5":{"start":{"line":70,"column":0},"end":{"line":73,"column":2}}},"fnMap":{"0":{"name":"validateRental","decl":{"start":{"line":62,"column":9},"end":{"line":62,"column":23}},"loc":{"start":{"line":62,"column":32},"end":{"line":69,"column":1}},"line":62}},"branchMap":{},"s":{"0":2,"1":2,"2":2,"3":0,"4":0,"5":2},"f":{"0":0},"b":{},"_coverageSchema":"1a1c01bbd47fc00a2c39e90264f33305004495a9","hash":"39220b20d6e041a91e1e668ce56d09d2ef8473d9"}
,"C:\\Users\\Kaveen Thivanka\\Desktop\\NodeJs\\11-unit-testing-02\\models\\user.js": {"path":"C:\\Users\\Kaveen Thivanka\\Desktop\\NodeJs\\11-unit-testing-02\\models\\user.js","statementMap":{"0":{"start":{"line":1,"column":12},"end":{"line":1,"column":26}},"1":{"start":{"line":2,"column":17},"end":{"line":2,"column":36}},"2":{"start":{"line":3,"column":12},"end":{"line":3,"column":35}},"3":{"start":{"line":4,"column":15},"end":{"line":4,"column":32}},"4":{"start":{"line":6,"column":19},"end":{"line":27,"column":2}},"5":{"start":{"line":29,"column":0},"end":{"line":36,"column":2}},"6":{"start":{"line":30,"column":16},"end":{"line":33,"column":3}},"7":{"start":{"line":35,"column":2},"end":{"line":35,"column":15}},"8":{"start":{"line":38,"column":13},"end":{"line":38,"column":47}},"9":{"start":{"line":41,"column":17},"end":{"line":46,"column":4}},"10":{"start":{"line":48,"column":2},"end":{"line":48,"column":31}},"11":{"start":{"line":51,"column":0},"end":{"line":54,"column":2}}},"fnMap":{"0":{"name":"(anonymous_0)","decl":{"start":{"line":29,"column":39},"end":{"line":29,"column":40}},"loc":{"start":{"line":29,"column":51},"end":{"line":36,"column":1}},"line":29},"1":{"name":"validateUser","decl":{"start":{"line":40,"column":9},"end":{"line":40,"column":21}},"loc":{"start":{"line":40,"column":28},"end":{"line":49,"column":1}},"line":40}},"branchMap":{},"s":{"0":4,"1":4,"2":4,"3":4,"4":4,"5":4,"6":9,"7":9,"8":4,"9":0,"10":0,"11":4},"f":{"0":9,"1":0},"b":{},"_coverageSchema":"1a1c01bbd47fc00a2c39e90264f33305004495a9","hash":"18f971bc62c00fdeb3e53281196a7d7efa053eff"}
,"C:\\Users\\Kaveen Thivanka\\Desktop\\NodeJs\\11-unit-testing-02\\routes\\auth.js": {"path":"C:\\Users\\Kaveen Thivanka\\Desktop\\NodeJs\\11-unit-testing-02\\routes\\auth.js","statementMap":{"0":{"start":{"line":1,"column":16},"end":{"line":1,"column":34}},"1":{"start":{"line":2,"column":15},"end":{"line":2,"column":31}},"2":{"start":{"line":3,"column":12},"end":{"line":3,"column":26}},"3":{"start":{"line":4,"column":17},"end":{"line":4,"column":42}},"4":{"start":{"line":5,"column":10},"end":{"line":5,"column":27}},"5":{"start":{"line":6,"column":15},"end":{"line":6,"column":32}},"6":{"start":{"line":8,"column":0},"end":{"line":23,"column":3}},"7":{"start":{"line":9,"column":20},"end":{"line":9,"column":38}},"8":{"start":{"line":10,"column":2},"end":{"line":10,"column":67}},"9":{"start":{"line":10,"column":13},"end":{"line":10,"column":67}},"10":{"start":{"line":12,"column":15},"end":{"line":12,"column":60}},"11":{"start":{"line":13,"column":2},"end":{"line":14,"column":75}},"12":{"start":{"line":14,"column":4},"end":{"line":14,"column":75}},"13":{"start":{"line":16,"column":24},"end":{"line":16,"column":78}},"14":{"start":{"line":17,"column":2},"end":{"line":18,"column":75}},"15":{"start":{"line":18,"column":4},"end":{"line":18,"column":75}},"16":{"start":{"line":20,"column":16},"end":{"line":20,"column":40}},"17":{"start":{"line":22,"column":2},"end":{"line":22,"column":18}},"18":{"start":{"line":26,"column":17},"end":{"line":29,"column":4}},"19":{"start":{"line":31,"column":2},"end":{"line":31,"column":30}},"20":{"start":{"line":34,"column":0},"end":{"line":34,"column":24}}},"fnMap":{"0":{"name":"(anonymous_0)","decl":{"start":{"line":8,"column":17},"end":{"line":8,"column":18}},"loc":{"start":{"line":8,"column":37},"end":{"line":23,"column":1}},"line":8},"1":{"name":"validate","decl":{"start":{"line":25,"column":9},"end":{"line":25,"column":17}},"loc":{"start":{"line":25,"column":23},"end":{"line":32,"column":1}},"line":25}},"branchMap":{"0":{"loc":{"start":{"line":10,"column":2},"end":{"line":10,"column":67}},"type":"if","locations":[{"start":{"line":10,"column":2},"end":{"line":10,"column":67}},{"start":{"line":10,"column":2},"end":{"line":10,"column":67}}],"line":10},"1":{"loc":{"start":{"line":13,"column":2},"end":{"line":14,"column":75}},"type":"if","locations":[{"start":{"line":13,"column":2},"end":{"line":14,"column":75}},{"start":{"line":13,"column":2},"end":{"line":14,"column":75}}],"line":13},"2":{"loc":{"start":{"line":17,"column":2},"end":{"line":18,"column":75}},"type":"if","locations":[{"start":{"line":17,"column":2},"end":{"line":18,"column":75}},{"start":{"line":17,"column":2},"end":{"line":18,"column":75}}],"line":17}},"s":{"0":2,"1":2,"2":2,"3":2,"4":2,"5":2,"6":2,"7":0,"8":0,"9":0,"10":0,"11":0,"12":0,"13":0,"14":0,"15":0,"16":0,"17":0,"18":0,"19":0,"20":2},"f":{"0":0,"1":0},"b":{"0":[0,0],"1":[0,0],"2":[0,0]},"_coverageSchema":"1a1c01bbd47fc00a2c39e90264f33305004495a9","hash":"42bca30093bcaeea489fc8d86f6b8a87c8505185"}
,"C:\\Users\\Kaveen Thivanka\\Desktop\\NodeJs\\11-unit-testing-02\\routes\\customers.js": {"path":"C:\\Users\\Kaveen Thivanka\\Desktop\\NodeJs\\11-unit-testing-02\\routes\\customers.js","statementMap":{"0":{"start":{"line":1,"column":16},"end":{"line":1,"column":34}},"1":{"start":{"line":2,"column":15},"end":{"line":2,"column":31}},"2":{"start":{"line":3,"column":32},"end":{"line":3,"column":61}},"3":{"start":{"line":4,"column":13},"end":{"line":4,"column":42}},"4":{"start":{"line":6,"column":0},"end":{"line":9,"column":3}},"5":{"start":{"line":7,"column":20},"end":{"line":7,"column":42}},"6":{"start":{"line":8,"column":2},"end":{"line":8,"column":22}},"7":{"start":{"line":11,"column":0},"end":{"line":27,"column":3}},"8":{"start":{"line":12,"column":20},"end":{"line":12,"column":38}},"9":{"start":{"line":13,"column":2},"end":{"line":13,"column":67}},"10":{"start":{"line":13,"column":13},"end":{"line":13,"column":67}},"11":{"start":{"line":15,"column":19},"end":{"line":19,"column":4}},"12":{"start":{"line":21,"column":2},"end":{"line":26,"column":3}},"13":{"start":{"line":22,"column":4},"end":{"line":22,"column":26}},"14":{"start":{"line":23,"column":4},"end":{"line":23,"column":23}},"15":{"start":{"line":25,"column":4},"end":{"line":25,"column":28}},"16":{"start":{"line":29,"column":0},"end":{"line":51,"column":3}},"17":{"start":{"line":30,"column":20},"end":{"line":30,"column":38}},"18":{"start":{"line":31,"column":2},"end":{"line":31,"column":67}},"19":{"start":{"line":31,"column":13},"end":{"line":31,"column":67}},"20":{"start":{"line":33,"column":2},"end":{"line":36,"column":7}},"21":{"start":{"line":34,"column":4},"end":{"line":36,"column":7}},"22":{"start":{"line":38,"column":2},"end":{"line":50,"column":7}},"23":{"start":{"line":40,"column":6},"end":{"line":44,"column":74}},"24":{"start":{"line":41,"column":8},"end":{"line":43,"column":11}},"25":{"start":{"line":44,"column":13},"end":{"line":44,"column":74}},"26":{"start":{"line":47,"column":6},"end":{"line":49,"column":9}},"27":{"start":{"line":53,"column":0},"end":{"line":72,"column":3}},"28":{"start":{"line":54,"column":2},"end":{"line":57,"column":7}},"29":{"start":{"line":55,"column":4},"end":{"line":57,"column":7}},"30":{"start":{"line":59,"column":2},"end":{"line":71,"column":7}},"31":{"start":{"line":61,"column":6},"end":{"line":65,"column":73}},"32":{"start":{"line":62,"column":8},"end":{"line":64,"column":11}},"33":{"start":{"line":65,"column":13},"end":{"line":65,"column":73}},"34":{"start":{"line":68,"column":6},"end":{"line":70,"column":9}},"35":{"start":{"line":74,"column":0},"end":{"line":93,"column":3}},"36":{"start":{"line":75,"column":2},"end":{"line":78,"column":79}},"37":{"start":{"line":76,"column":4},"end":{"line":78,"column":79}},"38":{"start":{"line":80,"column":2},"end":{"line":92,"column":7}},"39":{"start":{"line":82,"column":6},"end":{"line":86,"column":26}},"40":{"start":{"line":83,"column":8},"end":{"line":85,"column":76}},"41":{"start":{"line":86,"column":11},"end":{"line":86,"column":26}},"42":{"start":{"line":89,"column":6},"end":{"line":91,"column":9}},"43":{"start":{"line":95,"column":0},"end":{"line":95,"column":24}}},"fnMap":{"0":{"name":"(anonymous_0)","decl":{"start":{"line":6,"column":16},"end":{"line":6,"column":17}},"loc":{"start":{"line":6,"column":36},"end":{"line":9,"column":1}},"line":6},"1":{"name":"(anonymous_1)","decl":{"start":{"line":11,"column":23},"end":{"line":11,"column":24}},"loc":{"start":{"line":11,"column":43},"end":{"line":27,"column":1}},"line":11},"2":{"name":"(anonymous_2)","decl":{"start":{"line":29,"column":19},"end":{"line":29,"column":20}},"loc":{"start":{"line":29,"column":39},"end":{"line":51,"column":1}},"line":29},"3":{"name":"(anonymous_3)","decl":{"start":{"line":39,"column":10},"end":{"line":39,"column":11}},"loc":{"start":{"line":39,"column":20},"end":{"line":45,"column":5}},"line":39},"4":{"name":"(anonymous_4)","decl":{"start":{"line":46,"column":11},"end":{"line":46,"column":12}},"loc":{"start":{"line":46,"column":20},"end":{"line":50,"column":5}},"line":46},"5":{"name":"(anonymous_5)","decl":{"start":{"line":53,"column":22},"end":{"line":53,"column":23}},"loc":{"start":{"line":53,"column":42},"end":{"line":72,"column":1}},"line":53},"6":{"name":"(anonymous_6)","decl":{"start":{"line":60,"column":10},"end":{"line":60,"column":11}},"loc":{"start":{"line":60,"column":20},"end":{"line":66,"column":5}},"line":60},"7":{"name":"(anonymous_7)","decl":{"start":{"line":67,"column":11},"end":{"line":67,"column":12}},"loc":{"start":{"line":67,"column":20},"end":{"line":71,"column":5}},"line":67},"8":{"name":"(anonymous_8)","decl":{"start":{"line":74,"column":19},"end":{"line":74,"column":20}},"loc":{"start":{"line":74,"column":39},"end":{"line":93,"column":1}},"line":74},"9":{"name":"(anonymous_9)","decl":{"start":{"line":81,"column":10},"end":{"line":81,"column":11}},"loc":{"start":{"line":81,"column":20},"end":{"line":87,"column":5}},"line":81},"10":{"name":"(anonymous_10)","decl":{"start":{"line":88,"column":11},"end":{"line":88,"column":12}},"loc":{"start":{"line":88,"column":20},"end":{"line":92,"column":5}},"line":88}},"branchMap":{"0":{"loc":{"start":{"line":13,"column":2},"end":{"line":13,"column":67}},"type":"if","locations":[{"start":{"line":13,"column":2},"end":{"line":13,"column":67}},{"start":{"line":13,"column":2},"end":{"line":13,"column":67}}],"line":13},"1":{"loc":{"start":{"line":31,"column":2},"end":{"line":31,"column":67}},"type":"if","locations":[{"start":{"line":31,"column":2},"end":{"line":31,"column":67}},{"start":{"line":31,"column":2},"end":{"line":31,"column":67}}],"line":31},"2":{"loc":{"start":{"line":33,"column":2},"end":{"line":36,"column":7}},"type":"if","locations":[{"start":{"line":33,"column":2},"end":{"line":36,"column":7}},{"start":{"line":33,"column":2},"end":{"line":36,"column":7}}],"line":33},"3":{"loc":{"start":{"line":40,"column":6},"end":{"line":44,"column":74}},"type":"if","locations":[{"start":{"line":40,"column":6},"end":{"line":44,"column":74}},{"start":{"line":40,"column":6},"end":{"line":44,"column":74}}],"line":40},"4":{"loc":{"start":{"line":54,"column":2},"end":{"line":57,"column":7}},"type":"if","locations":[{"start":{"line":54,"column":2},"end":{"line":57,"column":7}},{"start":{"line":54,"column":2},"end":{"line":57,"column":7}}],"line":54},"5":{"loc":{"start":{"line":61,"column":6},"end":{"line":65,"column":73}},"type":"if","locations":[{"start":{"line":61,"column":6},"end":{"line":65,"column":73}},{"start":{"line":61,"column":6},"end":{"line":65,"column":73}}],"line":61},"6":{"loc":{"start":{"line":75,"column":2},"end":{"line":78,"column":79}},"type":"if","locations":[{"start":{"line":75,"column":2},"end":{"line":78,"column":79}},{"start":{"line":75,"column":2},"end":{"line":78,"column":79}}],"line":75},"7":{"loc":{"start":{"line":82,"column":6},"end":{"line":86,"column":26}},"type":"if","locations":[{"start":{"line":82,"column":6},"end":{"line":86,"column":26}},{"start":{"line":82,"column":6},"end":{"line":86,"column":26}}],"line":82}},"s":{"0":2,"1":2,"2":2,"3":2,"4":2,"5":0,"6":0,"7":2,"8":0,"9":0,"10":0,"11":0,"12":0,"13":0,"14":0,"15":0,"16":2,"17":0,"18":0,"19":0,"20":0,"21":0,"22":0,"23":0,"24":0,"25":0,"26":0,"27":2,"28":0,"29":0,"30":0,"31":0,"32":0,"33":0,"34":0,"35":2,"36":0,"37":0,"38":0,"39":0,"40":0,"41":0,"42":0,"43":2},"f":{"0":0,"1":0,"2":0,"3":0,"4":0,"5":0,"6":0,"7":0,"8":0,"9":0,"10":0},"b":{"0":[0,0],"1":[0,0],"2":[0,0],"3":[0,0],"4":[0,0],"5":[0,0],"6":[0,0],"7":[0,0]},"_coverageSchema":"1a1c01bbd47fc00a2c39e90264f33305004495a9","hash":"0740afa6145b42f66348f2f4595c45c9f4900182"}
,"C:\\Users\\Kaveen Thivanka\\Desktop\\NodeJs\\11-unit-testing-02\\routes\\genres.js": {"path":"C:\\Users\\Kaveen Thivanka\\Desktop\\NodeJs\\11-unit-testing-02\\routes\\genres.js","statementMap":{"0":{"start":{"line":1,"column":16},"end":{"line":1,"column":34}},"1":{"start":{"line":2,"column":15},"end":{"line":2,"column":31}},"2":{"start":{"line":3,"column":17},"end":{"line":3,"column":36}},"3":{"start":{"line":4,"column":28},"end":{"line":4,"column":54}},"4":{"start":{"line":5,"column":13},"end":{"line":5,"column":42}},"5":{"start":{"line":6,"column":14},"end":{"line":6,"column":44}},"6":{"start":{"line":7,"column":24},"end":{"line":7,"column":57}},"7":{"start":{"line":9,"column":0},"end":{"line":16,"column":2}},"8":{"start":{"line":13,"column":19},"end":{"line":13,"column":50}},"9":{"start":{"line":14,"column":4},"end":{"line":14,"column":21}},"10":{"start":{"line":18,"column":0},"end":{"line":33,"column":3}},"11":{"start":{"line":19,"column":20},"end":{"line":19,"column":38}},"12":{"start":{"line":20,"column":2},"end":{"line":20,"column":67}},"13":{"start":{"line":20,"column":13},"end":{"line":20,"column":67}},"14":{"start":{"line":22,"column":16},"end":{"line":24,"column":4}},"15":{"start":{"line":25,"column":2},"end":{"line":32,"column":3}},"16":{"start":{"line":26,"column":4},"end":{"line":26,"column":23}},"17":{"start":{"line":27,"column":4},"end":{"line":27,"column":20}},"18":{"start":{"line":31,"column":4},"end":{"line":31,"column":13}},"19":{"start":{"line":35,"column":0},"end":{"line":58,"column":3}},"20":{"start":{"line":36,"column":20},"end":{"line":36,"column":38}},"21":{"start":{"line":37,"column":2},"end":{"line":37,"column":67}},"22":{"start":{"line":37,"column":13},"end":{"line":37,"column":67}},"23":{"start":{"line":39,"column":13},"end":{"line":39,"column":26}},"24":{"start":{"line":40,"column":2},"end":{"line":43,"column":68}},"25":{"start":{"line":41,"column":4},"end":{"line":43,"column":68}},"26":{"start":{"line":45,"column":2},"end":{"line":57,"column":7}},"27":{"start":{"line":47,"column":6},"end":{"line":51,"column":70}},"28":{"start":{"line":48,"column":8},"end":{"line":50,"column":11}},"29":{"start":{"line":51,"column":13},"end":{"line":51,"column":70}},"30":{"start":{"line":54,"column":6},"end":{"line":56,"column":9}},"31":{"start":{"line":60,"column":0},"end":{"line":79,"column":3}},"32":{"start":{"line":61,"column":2},"end":{"line":64,"column":79}},"33":{"start":{"line":62,"column":4},"end":{"line":64,"column":79}},"34":{"start":{"line":66,"column":2},"end":{"line":78,"column":7}},"35":{"start":{"line":68,"column":6},"end":{"line":72,"column":70}},"36":{"start":{"line":69,"column":8},"end":{"line":71,"column":11}},"37":{"start":{"line":72,"column":13},"end":{"line":72,"column":70}},"38":{"start":{"line":75,"column":6},"end":{"line":77,"column":9}},"39":{"start":{"line":81,"column":0},"end":{"line":98,"column":3}},"40":{"start":{"line":82,"column":13},"end":{"line":82,"column":26}},"41":{"start":{"line":83,"column":2},"end":{"line":86,"column":71}},"42":{"start":{"line":84,"column":4},"end":{"line":86,"column":71}},"43":{"start":{"line":87,"column":2},"end":{"line":97,"column":7}},"44":{"start":{"line":89,"column":6},"end":{"line":91,"column":26}},"45":{"start":{"line":90,"column":8},"end":{"line":90,"column":75}},"46":{"start":{"line":91,"column":11},"end":{"line":91,"column":26}},"47":{"start":{"line":94,"column":6},"end":{"line":96,"column":9}},"48":{"start":{"line":100,"column":0},"end":{"line":100,"column":24}}},"fnMap":{"0":{"name":"(anonymous_0)","decl":{"start":{"line":11,"column":18},"end":{"line":11,"column":19}},"loc":{"start":{"line":11,"column":38},"end":{"line":15,"column":3}},"line":11},"1":{"name":"(anonymous_1)","decl":{"start":{"line":18,"column":23},"end":{"line":18,"column":24}},"loc":{"start":{"line":18,"column":49},"end":{"line":33,"column":1}},"line":18},"2":{"name":"(anonymous_2)","decl":{"start":{"line":35,"column":19},"end":{"line":35,"column":20}},"loc":{"start":{"line":35,"column":39},"end":{"line":58,"column":1}},"line":35},"3":{"name":"(anonymous_3)","decl":{"start":{"line":46,"column":10},"end":{"line":46,"column":11}},"loc":{"start":{"line":46,"column":20},"end":{"line":52,"column":5}},"line":46},"4":{"name":"(anonymous_4)","decl":{"start":{"line":53,"column":11},"end":{"line":53,"column":12}},"loc":{"start":{"line":53,"column":20},"end":{"line":57,"column":5}},"line":53},"5":{"name":"(anonymous_5)","decl":{"start":{"line":60,"column":37},"end":{"line":60,"column":38}},"loc":{"start":{"line":60,"column":57},"end":{"line":79,"column":1}},"line":60},"6":{"name":"(anonymous_6)","decl":{"start":{"line":67,"column":10},"end":{"line":67,"column":11}},"loc":{"start":{"line":67,"column":20},"end":{"line":73,"column":5}},"line":67},"7":{"name":"(anonymous_7)","decl":{"start":{"line":74,"column":11},"end":{"line":74,"column":12}},"loc":{"start":{"line":74,"column":20},"end":{"line":78,"column":5}},"line":74},"8":{"name":"(anonymous_8)","decl":{"start":{"line":81,"column":19},"end":{"line":81,"column":20}},"loc":{"start":{"line":81,"column":39},"end":{"line":98,"column":1}},"line":81},"9":{"name":"(anonymous_9)","decl":{"start":{"line":88,"column":10},"end":{"line":88,"column":11}},"loc":{"start":{"line":88,"column":20},"end":{"line":92,"column":5}},"line":88},"10":{"name":"(anonymous_10)","decl":{"start":{"line":93,"column":11},"end":{"line":93,"column":12}},"loc":{"start":{"line":93,"column":20},"end":{"line":97,"column":5}},"line":93}},"branchMap":{"0":{"loc":{"start":{"line":20,"column":2},"end":{"line":20,"column":67}},"type":"if","locations":[{"start":{"line":20,"column":2},"end":{"line":20,"column":67}},{"start":{"line":20,"column":2},"end":{"line":20,"column":67}}],"line":20},"1":{"loc":{"start":{"line":37,"column":2},"end":{"line":37,"column":67}},"type":"if","locations":[{"start":{"line":37,"column":2},"end":{"line":37,"column":67}},{"start":{"line":37,"column":2},"end":{"line":37,"column":67}}],"line":37},"2":{"loc":{"start":{"line":40,"column":2},"end":{"line":43,"column":68}},"type":"if","locations":[{"start":{"line":40,"column":2},"end":{"line":43,"column":68}},{"start":{"line":40,"column":2},"end":{"line":43,"column":68}}],"line":40},"3":{"loc":{"start":{"line":47,"column":6},"end":{"line":51,"column":70}},"type":"if","locations":[{"start":{"line":47,"column":6},"end":{"line":51,"column":70}},{"start":{"line":47,"column":6},"end":{"line":51,"column":70}}],"line":47},"4":{"loc":{"start":{"line":61,"column":2},"end":{"line":64,"column":79}},"type":"if","locations":[{"start":{"line":61,"column":2},"end":{"line":64,"column":79}},{"start":{"line":61,"column":2},"end":{"line":64,"column":79}}],"line":61},"5":{"loc":{"start":{"line":68,"column":6},"end":{"line":72,"column":70}},"type":"if","locations":[{"start":{"line":68,"column":6},"end":{"line":72,"column":70}},{"start":{"line":68,"column":6},"end":{"line":72,"column":70}}],"line":68},"6":{"loc":{"start":{"line":83,"column":2},"end":{"line":86,"column":71}},"type":"if","locations":[{"start":{"line":83,"column":2},"end":{"line":86,"column":71}},{"start":{"line":83,"column":2},"end":{"line":86,"column":71}}],"line":83},"7":{"loc":{"start":{"line":89,"column":6},"end":{"line":91,"column":26}},"type":"if","locations":[{"start":{"line":89,"column":6},"end":{"line":91,"column":26}},{"start":{"line":89,"column":6},"end":{"line":91,"column":26}}],"line":89}},"s":{"0":2,"1":2,"2":2,"3":2,"4":2,"5":2,"6":2,"7":2,"8":1,"9":1,"10":2,"11":5,"12":5,"13":2,"14":3,"15":3,"16":3,"17":3,"18":0,"19":2,"20":0,"21":0,"22":0,"23":0,"24":0,"25":0,"26":0,"27":0,"28":0,"29":0,"30":0,"31":2,"32":0,"33":0,"34":0,"35":0,"36":0,"37":0,"38":0,"39":2,"40":3,"41":3,"42":1,"43":2,"44":2,"45":1,"46":1,"47":0,"48":2},"f":{"0":1,"1":5,"2":0,"3":0,"4":0,"5":0,"6":0,"7":0,"8":3,"9":2,"10":0},"b":{"0":[2,3],"1":[0,0],"2":[0,0],"3":[0,0],"4":[0,0],"5":[0,0],"6":[1,2],"7":[1,1]},"_coverageSchema":"1a1c01bbd47fc00a2c39e90264f33305004495a9","hash":"5a45dd031debc1ea3c4a3aa275747bc21e0063a8"}
,"C:\\Users\\Kaveen Thivanka\\Desktop\\NodeJs\\11-unit-testing-02\\routes\\movies.js": {"path":"C:\\Users\\Kaveen Thivanka\\Desktop\\NodeJs\\11-unit-testing-02\\routes\\movies.js","statementMap":{"0":{"start":{"line":1,"column":16},"end":{"line":1,"column":34}},"1":{"start":{"line":2,"column":15},"end":{"line":2,"column":31}},"2":{"start":{"line":3,"column":17},"end":{"line":3,"column":36}},"3":{"start":{"line":4,"column":28},"end":{"line":4,"column":54}},"4":{"start":{"line":5,"column":18},"end":{"line":5,"column":44}},"5":{"start":{"line":6,"column":13},"end":{"line":6,"column":42}},"6":{"start":{"line":8,"column":0},"end":{"line":11,"column":3}},"7":{"start":{"line":9,"column":17},"end":{"line":9,"column":35}},"8":{"start":{"line":10,"column":2},"end":{"line":10,"column":19}},"9":{"start":{"line":13,"column":0},"end":{"line":45,"column":3}},"10":{"start":{"line":14,"column":20},"end":{"line":14,"column":38}},"11":{"start":{"line":15,"column":2},"end":{"line":15,"column":67}},"12":{"start":{"line":15,"column":13},"end":{"line":15,"column":67}},"13":{"start":{"line":17,"column":2},"end":{"line":20,"column":77}},"14":{"start":{"line":18,"column":4},"end":{"line":20,"column":77}},"15":{"start":{"line":22,"column":16},"end":{"line":22,"column":54}},"16":{"start":{"line":24,"column":2},"end":{"line":27,"column":75}},"17":{"start":{"line":25,"column":4},"end":{"line":27,"column":75}},"18":{"start":{"line":29,"column":16},"end":{"line":37,"column":4}},"19":{"start":{"line":39,"column":2},"end":{"line":44,"column":3}},"20":{"start":{"line":40,"column":4},"end":{"line":40,"column":23}},"21":{"start":{"line":41,"column":4},"end":{"line":41,"column":20}},"22":{"start":{"line":43,"column":4},"end":{"line":43,"column":28}},"23":{"start":{"line":47,"column":0},"end":{"line":94,"column":3}},"24":{"start":{"line":48,"column":20},"end":{"line":48,"column":38}},"25":{"start":{"line":49,"column":2},"end":{"line":49,"column":67}},"26":{"start":{"line":49,"column":13},"end":{"line":49,"column":67}},"27":{"start":{"line":51,"column":18},"end":{"line":51,"column":34}},"28":{"start":{"line":52,"column":13},"end":{"line":52,"column":26}},"29":{"start":{"line":54,"column":2},"end":{"line":57,"column":68}},"30":{"start":{"line":55,"column":4},"end":{"line":57,"column":68}},"31":{"start":{"line":59,"column":2},"end":{"line":62,"column":68}},"32":{"start":{"line":60,"column":4},"end":{"line":62,"column":68}},"33":{"start":{"line":64,"column":2},"end":{"line":75,"column":6}},"34":{"start":{"line":66,"column":6},"end":{"line":69,"column":70}},"35":{"start":{"line":67,"column":8},"end":{"line":69,"column":70}},"36":{"start":{"line":72,"column":6},"end":{"line":74,"column":69}},"37":{"start":{"line":77,"column":2},"end":{"line":93,"column":7}},"38":{"start":{"line":82,"column":6},"end":{"line":86,"column":70}},"39":{"start":{"line":83,"column":8},"end":{"line":85,"column":11}},"40":{"start":{"line":86,"column":13},"end":{"line":86,"column":70}},"41":{"start":{"line":89,"column":6},"end":{"line":91,"column":9}},"42":{"start":{"line":92,"column":6},"end":{"line":92,"column":23}},"43":{"start":{"line":96,"column":0},"end":{"line":115,"column":3}},"44":{"start":{"line":97,"column":2},"end":{"line":100,"column":79}},"45":{"start":{"line":98,"column":4},"end":{"line":100,"column":79}},"46":{"start":{"line":102,"column":2},"end":{"line":114,"column":7}},"47":{"start":{"line":104,"column":6},"end":{"line":108,"column":70}},"48":{"start":{"line":105,"column":8},"end":{"line":107,"column":11}},"49":{"start":{"line":108,"column":13},"end":{"line":108,"column":70}},"50":{"start":{"line":111,"column":6},"end":{"line":113,"column":9}},"51":{"start":{"line":117,"column":0},"end":{"line":134,"column":3}},"52":{"start":{"line":118,"column":13},"end":{"line":118,"column":26}},"53":{"start":{"line":119,"column":2},"end":{"line":122,"column":65}},"54":{"start":{"line":120,"column":4},"end":{"line":122,"column":65}},"55":{"start":{"line":123,"column":2},"end":{"line":133,"column":7}},"56":{"start":{"line":125,"column":6},"end":{"line":127,"column":26}},"57":{"start":{"line":126,"column":8},"end":{"line":126,"column":75}},"58":{"start":{"line":127,"column":11},"end":{"line":127,"column":26}},"59":{"start":{"line":130,"column":6},"end":{"line":132,"column":9}},"60":{"start":{"line":136,"column":0},"end":{"line":136,"column":24}}},"fnMap":{"0":{"name":"(anonymous_0)","decl":{"start":{"line":8,"column":16},"end":{"line":8,"column":17}},"loc":{"start":{"line":8,"column":36},"end":{"line":11,"column":1}},"line":8},"1":{"name":"(anonymous_1)","decl":{"start":{"line":13,"column":23},"end":{"line":13,"column":24}},"loc":{"start":{"line":13,"column":43},"end":{"line":45,"column":1}},"line":13},"2":{"name":"(anonymous_2)","decl":{"start":{"line":47,"column":19},"end":{"line":47,"column":20}},"loc":{"start":{"line":47,"column":39},"end":{"line":94,"column":1}},"line":47},"3":{"name":"(anonymous_3)","decl":{"start":{"line":65,"column":10},"end":{"line":65,"column":11}},"loc":{"start":{"line":65,"column":20},"end":{"line":70,"column":5}},"line":65},"4":{"name":"(anonymous_4)","decl":{"start":{"line":71,"column":11},"end":{"line":71,"column":12}},"loc":{"start":{"line":72,"column":6},"end":{"line":74,"column":69}},"line":72},"5":{"name":"(anonymous_5)","decl":{"start":{"line":81,"column":10},"end":{"line":81,"column":11}},"loc":{"start":{"line":81,"column":20},"end":{"line":87,"column":5}},"line":81},"6":{"name":"(anonymous_6)","decl":{"start":{"line":88,"column":11},"end":{"line":88,"column":12}},"loc":{"start":{"line":88,"column":20},"end":{"line":93,"column":5}},"line":88},"7":{"name":"(anonymous_7)","decl":{"start":{"line":96,"column":22},"end":{"line":96,"column":23}},"loc":{"start":{"line":96,"column":42},"end":{"line":115,"column":1}},"line":96},"8":{"name":"(anonymous_8)","decl":{"start":{"line":103,"column":10},"end":{"line":103,"column":11}},"loc":{"start":{"line":103,"column":20},"end":{"line":109,"column":5}},"line":103},"9":{"name":"(anonymous_9)","decl":{"start":{"line":110,"column":11},"end":{"line":110,"column":12}},"loc":{"start":{"line":110,"column":20},"end":{"line":114,"column":5}},"line":110},"10":{"name":"(anonymous_10)","decl":{"start":{"line":117,"column":19},"end":{"line":117,"column":20}},"loc":{"start":{"line":117,"column":39},"end":{"line":134,"column":1}},"line":117},"11":{"name":"(anonymous_11)","decl":{"start":{"line":124,"column":10},"end":{"line":124,"column":11}},"loc":{"start":{"line":124,"column":20},"end":{"line":128,"column":5}},"line":124},"12":{"name":"(anonymous_12)","decl":{"start":{"line":129,"column":11},"end":{"line":129,"column":12}},"loc":{"start":{"line":129,"column":20},"end":{"line":133,"column":5}},"line":129}},"branchMap":{"0":{"loc":{"start":{"line":15,"column":2},"end":{"line":15,"column":67}},"type":"if","locations":[{"start":{"line":15,"column":2},"end":{"line":15,"column":67}},{"start":{"line":15,"column":2},"end":{"line":15,"column":67}}],"line":15},"1":{"loc":{"start":{"line":17,"column":2},"end":{"line":20,"column":77}},"type":"if","locations":[{"start":{"line":17,"column":2},"end":{"line":20,"column":77}},{"start":{"line":17,"column":2},"end":{"line":20,"column":77}}],"line":17},"2":{"loc":{"start":{"line":24,"column":2},"end":{"line":27,"column":75}},"type":"if","locations":[{"start":{"line":24,"column":2},"end":{"line":27,"column":75}},{"start":{"line":24,"column":2},"end":{"line":27,"column":75}}],"line":24},"3":{"loc":{"start":{"line":49,"column":2},"end":{"line":49,"column":67}},"type":"if","locations":[{"start":{"line":49,"column":2},"end":{"line":49,"column":67}},{"start":{"line":49,"column":2},"end":{"line":49,"column":67}}],"line":49},"4":{"loc":{"start":{"line":54,"column":2},"end":{"line":57,"column":68}},"type":"if","locations":[{"start":{"line":54,"column":2},"end":{"line":57,"column":68}},{"start":{"line":54,"column":2},"end":{"line":57,"column":68}}],"line":54},"5":{"loc":{"start":{"line":59,"column":2},"end":{"line":62,"column":68}},"type":"if","locations":[{"start":{"line":59,"column":2},"end":{"line":62,"column":68}},{"start":{"line":59,"column":2},"end":{"line":62,"column":68}}],"line":59},"6":{"loc":{"start":{"line":66,"column":6},"end":{"line":69,"column":70}},"type":"if","locations":[{"start":{"line":66,"column":6},"end":{"line":69,"column":70}},{"start":{"line":66,"column":6},"end":{"line":69,"column":70}}],"line":66},"7":{"loc":{"start":{"line":82,"column":6},"end":{"line":86,"column":70}},"type":"if","locations":[{"start":{"line":82,"column":6},"end":{"line":86,"column":70}},{"start":{"line":82,"column":6},"end":{"line":86,"column":70}}],"line":82},"8":{"loc":{"start":{"line":97,"column":2},"end":{"line":100,"column":79}},"type":"if","locations":[{"start":{"line":97,"column":2},"end":{"line":100,"column":79}},{"start":{"line":97,"column":2},"end":{"line":100,"column":79}}],"line":97},"9":{"loc":{"start":{"line":104,"column":6},"end":{"line":108,"column":70}},"type":"if","locations":[{"start":{"line":104,"column":6},"end":{"line":108,"column":70}},{"start":{"line":104,"column":6},"end":{"line":108,"column":70}}],"line":104},"10":{"loc":{"start":{"line":119,"column":2},"end":{"line":122,"column":65}},"type":"if","locations":[{"start":{"line":119,"column":2},"end":{"line":122,"column":65}},{"start":{"line":119,"column":2},"end":{"line":122,"column":65}}],"line":119},"11":{"loc":{"start":{"line":125,"column":6},"end":{"line":127,"column":26}},"type":"if","locations":[{"start":{"line":125,"column":6},"end":{"line":127,"column":26}},{"start":{"line":125,"column":6},"end":{"line":127,"column":26}}],"line":125}},"s":{"0":2,"1":2,"2":2,"3":2,"4":2,"5":2,"6":2,"7":0,"8":0,"9":2,"10":0,"11":0,"12":0,"13":0,"14":0,"15":0,"16":0,"17":0,"18":0,"19":0,"20":0,"21":0,"22":0,"23":2,"24":0,"25":0,"26":0,"27":0,"28":0,"29":0,"30":0,"31":0,"32":0,"33":0,"34":0,"35":0,"36":0,"37":0,"38":0,"39":0,"40":0,"41":0,"42":0,"43":2,"44":0,"45":0,"46":0,"47":0,"48":0,"49":0,"50":0,"51":2,"52":0,"53":0,"54":0,"55":0,"56":0,"57":0,"58":0,"59":0,"60":2},"f":{"0":0,"1":0,"2":0,"3":0,"4":0,"5":0,"6":0,"7":0,"8":0,"9":0,"10":0,"11":0,"12":0},"b":{"0":[0,0],"1":[0,0],"2":[0,0],"3":[0,0],"4":[0,0],"5":[0,0],"6":[0,0],"7":[0,0],"8":[0,0],"9":[0,0],"10":[0,0],"11":[0,0]},"_coverageSchema":"1a1c01bbd47fc00a2c39e90264f33305004495a9","hash":"17e72c8f34cc9a9d6145d4f065e8d68f4d9b6d81"}
,"C:\\Users\\Kaveen Thivanka\\Desktop\\NodeJs\\11-unit-testing-02\\routes\\rentals.js": {"path":"C:\\Users\\Kaveen Thivanka\\Desktop\\NodeJs\\11-unit-testing-02\\routes\\rentals.js","statementMap":{"0":{"start":{"line":1,"column":16},"end":{"line":1,"column":34}},"1":{"start":{"line":2,"column":15},"end":{"line":2,"column":31}},"2":{"start":{"line":3,"column":17},"end":{"line":3,"column":36}},"3":{"start":{"line":4,"column":29},"end":{"line":4,"column":56}},"4":{"start":{"line":5,"column":18},"end":{"line":5,"column":44}},"5":{"start":{"line":6,"column":22},"end":{"line":6,"column":51}},"6":{"start":{"line":8,"column":13},"end":{"line":8,"column":42}},"7":{"start":{"line":12,"column":0},"end":{"line":15,"column":3}},"8":{"start":{"line":13,"column":18},"end":{"line":13,"column":54}},"9":{"start":{"line":14,"column":2},"end":{"line":14,"column":20}},"10":{"start":{"line":17,"column":0},"end":{"line":76,"column":3}},"11":{"start":{"line":18,"column":20},"end":{"line":18,"column":38}},"12":{"start":{"line":19,"column":2},"end":{"line":19,"column":67}},"13":{"start":{"line":19,"column":13},"end":{"line":19,"column":67}},"14":{"start":{"line":21,"column":19},"end":{"line":25,"column":3}},"15":{"start":{"line":22,"column":4},"end":{"line":24,"column":6}},"16":{"start":{"line":27,"column":2},"end":{"line":30,"column":7}},"17":{"start":{"line":28,"column":4},"end":{"line":30,"column":7}},"18":{"start":{"line":32,"column":16},"end":{"line":32,"column":54}},"19":{"start":{"line":34,"column":2},"end":{"line":37,"column":7}},"20":{"start":{"line":35,"column":4},"end":{"line":37,"column":7}},"21":{"start":{"line":39,"column":2},"end":{"line":40,"column":67}},"22":{"start":{"line":40,"column":4},"end":{"line":40,"column":67}},"23":{"start":{"line":42,"column":17},"end":{"line":54,"column":4}},"24":{"start":{"line":56,"column":2},"end":{"line":75,"column":3}},"25":{"start":{"line":57,"column":4},"end":{"line":57,"column":24}},"26":{"start":{"line":58,"column":4},"end":{"line":58,"column":26}},"27":{"start":{"line":59,"column":4},"end":{"line":59,"column":17}},"28":{"start":{"line":72,"column":4},"end":{"line":72,"column":21}},"29":{"start":{"line":74,"column":4},"end":{"line":74,"column":28}},"30":{"start":{"line":78,"column":0},"end":{"line":112,"column":3}},"31":{"start":{"line":79,"column":20},"end":{"line":79,"column":38}},"32":{"start":{"line":80,"column":2},"end":{"line":80,"column":67}},"33":{"start":{"line":80,"column":13},"end":{"line":80,"column":67}},"34":{"start":{"line":82,"column":13},"end":{"line":82,"column":26}},"35":{"start":{"line":83,"column":2},"end":{"line":86,"column":64}},"36":{"start":{"line":84,"column":4},"end":{"line":86,"column":64}},"37":{"start":{"line":88,"column":2},"end":{"line":111,"column":7}},"38":{"start":{"line":101,"column":6},"end":{"line":105,"column":71}},"39":{"start":{"line":102,"column":8},"end":{"line":104,"column":11}},"40":{"start":{"line":105,"column":13},"end":{"line":105,"column":71}},"41":{"start":{"line":108,"column":6},"end":{"line":110,"column":9}},"42":{"start":{"line":114,"column":0},"end":{"line":133,"column":3}},"43":{"start":{"line":115,"column":2},"end":{"line":118,"column":75}},"44":{"start":{"line":116,"column":4},"end":{"line":118,"column":75}},"45":{"start":{"line":120,"column":2},"end":{"line":132,"column":7}},"46":{"start":{"line":122,"column":6},"end":{"line":126,"column":71}},"47":{"start":{"line":123,"column":8},"end":{"line":125,"column":11}},"48":{"start":{"line":126,"column":13},"end":{"line":126,"column":71}},"49":{"start":{"line":129,"column":6},"end":{"line":131,"column":9}},"50":{"start":{"line":135,"column":0},"end":{"line":153,"column":3}},"51":{"start":{"line":136,"column":2},"end":{"line":139,"column":72}},"52":{"start":{"line":137,"column":4},"end":{"line":139,"column":72}},"53":{"start":{"line":140,"column":2},"end":{"line":152,"column":7}},"54":{"start":{"line":142,"column":6},"end":{"line":146,"column":26}},"55":{"start":{"line":143,"column":8},"end":{"line":145,"column":74}},"56":{"start":{"line":146,"column":11},"end":{"line":146,"column":26}},"57":{"start":{"line":149,"column":6},"end":{"line":151,"column":9}},"58":{"start":{"line":155,"column":0},"end":{"line":155,"column":24}}},"fnMap":{"0":{"name":"(anonymous_0)","decl":{"start":{"line":12,"column":16},"end":{"line":12,"column":17}},"loc":{"start":{"line":12,"column":36},"end":{"line":15,"column":1}},"line":12},"1":{"name":"(anonymous_1)","decl":{"start":{"line":17,"column":23},"end":{"line":17,"column":24}},"loc":{"start":{"line":17,"column":43},"end":{"line":76,"column":1}},"line":17},"2":{"name":"(anonymous_2)","decl":{"start":{"line":21,"column":71},"end":{"line":21,"column":72}},"loc":{"start":{"line":22,"column":4},"end":{"line":24,"column":6}},"line":22},"3":{"name":"(anonymous_3)","decl":{"start":{"line":78,"column":19},"end":{"line":78,"column":20}},"loc":{"start":{"line":78,"column":39},"end":{"line":112,"column":1}},"line":78},"4":{"name":"(anonymous_4)","decl":{"start":{"line":100,"column":10},"end":{"line":100,"column":11}},"loc":{"start":{"line":100,"column":20},"end":{"line":106,"column":5}},"line":100},"5":{"name":"(anonymous_5)","decl":{"start":{"line":107,"column":11},"end":{"line":107,"column":12}},"loc":{"start":{"line":107,"column":20},"end":{"line":111,"column":5}},"line":107},"6":{"name":"(anonymous_6)","decl":{"start":{"line":114,"column":22},"end":{"line":114,"column":23}},"loc":{"start":{"line":114,"column":42},"end":{"line":133,"column":1}},"line":114},"7":{"name":"(anonymous_7)","decl":{"start":{"line":121,"column":10},"end":{"line":121,"column":11}},"loc":{"start":{"line":121,"column":20},"end":{"line":127,"column":5}},"line":121},"8":{"name":"(anonymous_8)","decl":{"start":{"line":128,"column":11},"end":{"line":128,"column":12}},"loc":{"start":{"line":128,"column":20},"end":{"line":132,"column":5}},"line":128},"9":{"name":"(anonymous_9)","decl":{"start":{"line":135,"column":19},"end":{"line":135,"column":20}},"loc":{"start":{"line":135,"column":39},"end":{"line":153,"column":1}},"line":135},"10":{"name":"(anonymous_10)","decl":{"start":{"line":141,"column":10},"end":{"line":141,"column":11}},"loc":{"start":{"line":141,"column":20},"end":{"line":147,"column":5}},"line":141},"11":{"name":"(anonymous_11)","decl":{"start":{"line":148,"column":11},"end":{"line":148,"column":12}},"loc":{"start":{"line":148,"column":20},"end":{"line":152,"column":5}},"line":148}},"branchMap":{"0":{"loc":{"start":{"line":19,"column":2},"end":{"line":19,"column":67}},"type":"if","locations":[{"start":{"line":19,"column":2},"end":{"line":19,"column":67}},{"start":{"line":19,"column":2},"end":{"line":19,"column":67}}],"line":19},"1":{"loc":{"start":{"line":27,"column":2},"end":{"line":30,"column":7}},"type":"if","locations":[{"start":{"line":27,"column":2},"end":{"line":30,"column":7}},{"start":{"line":27,"column":2},"end":{"line":30,"column":7}}],"line":27},"2":{"loc":{"start":{"line":34,"column":2},"end":{"line":37,"column":7}},"type":"if","locations":[{"start":{"line":34,"column":2},"end":{"line":37,"column":7}},{"start":{"line":34,"column":2},"end":{"line":37,"column":7}}],"line":34},"3":{"loc":{"start":{"line":39,"column":2},"end":{"line":40,"column":67}},"type":"if","locations":[{"start":{"line":39,"column":2},"end":{"line":40,"column":67}},{"start":{"line":39,"column":2},"end":{"line":40,"column":67}}],"line":39},"4":{"loc":{"start":{"line":80,"column":2},"end":{"line":80,"column":67}},"type":"if","locations":[{"start":{"line":80,"column":2},"end":{"line":80,"column":67}},{"start":{"line":80,"column":2},"end":{"line":80,"column":67}}],"line":80},"5":{"loc":{"start":{"line":83,"column":2},"end":{"line":86,"column":64}},"type":"if","locations":[{"start":{"line":83,"column":2},"end":{"line":86,"column":64}},{"start":{"line":83,"column":2},"end":{"line":86,"column":64}}],"line":83},"6":{"loc":{"start":{"line":101,"column":6},"end":{"line":105,"column":71}},"type":"if","locations":[{"start":{"line":101,"column":6},"end":{"line":105,"column":71}},{"start":{"line":101,"column":6},"end":{"line":105,"column":71}}],"line":101},"7":{"loc":{"start":{"line":115,"column":2},"end":{"line":118,"column":75}},"type":"if","locations":[{"start":{"line":115,"column":2},"end":{"line":118,"column":75}},{"start":{"line":115,"column":2},"end":{"line":118,"column":75}}],"line":115},"8":{"loc":{"start":{"line":122,"column":6},"end":{"line":126,"column":71}},"type":"if","locations":[{"start":{"line":122,"column":6},"end":{"line":126,"column":71}},{"start":{"line":122,"column":6},"end":{"line":126,"column":71}}],"line":122},"9":{"loc":{"start":{"line":136,"column":2},"end":{"line":139,"column":72}},"type":"if","locations":[{"start":{"line":136,"column":2},"end":{"line":139,"column":72}},{"start":{"line":136,"column":2},"end":{"line":139,"column":72}}],"line":136},"10":{"loc":{"start":{"line":142,"column":6},"end":{"line":146,"column":26}},"type":"if","locations":[{"start":{"line":142,"column":6},"end":{"line":146,"column":26}},{"start":{"line":142,"column":6},"end":{"line":146,"column":26}}],"line":142}},"s":{"0":2,"1":2,"2":2,"3":2,"4":2,"5":2,"6":2,"7":2,"8":0,"9":0,"10":2,"11":0,"12":0,"13":0,"14":0,"15":0,"16":0,"17":0,"18":0,"19":0,"20":0,"21":0,"22":0,"23":0,"24":0,"25":0,"26":0,"27":0,"28":0,"29":0,"30":2,"31":0,"32":0,"33":0,"34":0,"35":0,"36":0,"37":0,"38":0,"39":0,"40":0,"41":0,"42":2,"43":0,"44":0,"45":0,"46":0,"47":0,"48":0,"49":0,"50":2,"51":0,"52":0,"53":0,"54":0,"55":0,"56":0,"57":0,"58":2},"f":{"0":0,"1":0,"2":0,"3":0,"4":0,"5":0,"6":0,"7":0,"8":0,"9":0,"10":0,"11":0},"b":{"0":[0,0],"1":[0,0],"2":[0,0],"3":[0,0],"4":[0,0],"5":[0,0],"6":[0,0],"7":[0,0],"8":[0,0],"9":[0,0],"10":[0,0]},"_coverageSchema":"1a1c01bbd47fc00a2c39e90264f33305004495a9","hash":"dca58ef7a2209d7f7fa84acb1141ba93ae69572b"}
,"C:\\Users\\Kaveen Thivanka\\Desktop\\NodeJs\\11-unit-testing-02\\routes\\users.js": {"path":"C:\\Users\\Kaveen Thivanka\\Desktop\\NodeJs\\11-unit-testing-02\\routes\\users.js","statementMap":{"0":{"start":{"line":1,"column":16},"end":{"line":1,"column":34}},"1":{"start":{"line":2,"column":15},"end":{"line":2,"column":31}},"2":{"start":{"line":3,"column":27},"end":{"line":3,"column":52}},"3":{"start":{"line":4,"column":10},"end":{"line":4,"column":27}},"4":{"start":{"line":5,"column":15},"end":{"line":5,"column":32}},"5":{"start":{"line":6,"column":13},"end":{"line":6,"column":42}},"6":{"start":{"line":8,"column":0},"end":{"line":11,"column":3}},"7":{"start":{"line":9,"column":15},"end":{"line":9,"column":68}},"8":{"start":{"line":10,"column":2},"end":{"line":10,"column":17}},"9":{"start":{"line":13,"column":0},"end":{"line":42,"column":3}},"10":{"start":{"line":14,"column":20},"end":{"line":14,"column":38}},"11":{"start":{"line":15,"column":2},"end":{"line":15,"column":67}},"12":{"start":{"line":15,"column":13},"end":{"line":15,"column":67}},"13":{"start":{"line":17,"column":16},"end":{"line":17,"column":61}},"14":{"start":{"line":18,"column":2},"end":{"line":19,"column":73}},"15":{"start":{"line":19,"column":4},"end":{"line":19,"column":73}},"16":{"start":{"line":27,"column":15},"end":{"line":29,"column":3}},"17":{"start":{"line":31,"column":15},"end":{"line":31,"column":39}},"18":{"start":{"line":32,"column":2},"end":{"line":32,"column":57}},"19":{"start":{"line":34,"column":2},"end":{"line":41,"column":3}},"20":{"start":{"line":35,"column":4},"end":{"line":35,"column":22}},"21":{"start":{"line":37,"column":18},"end":{"line":37,"column":42}},"22":{"start":{"line":38,"column":4},"end":{"line":38,"column":76}},"23":{"start":{"line":40,"column":4},"end":{"line":40,"column":28}},"24":{"start":{"line":44,"column":0},"end":{"line":44,"column":24}}},"fnMap":{"0":{"name":"(anonymous_0)","decl":{"start":{"line":8,"column":24},"end":{"line":8,"column":25}},"loc":{"start":{"line":8,"column":44},"end":{"line":11,"column":1}},"line":8},"1":{"name":"(anonymous_1)","decl":{"start":{"line":13,"column":17},"end":{"line":13,"column":18}},"loc":{"start":{"line":13,"column":37},"end":{"line":42,"column":1}},"line":13}},"branchMap":{"0":{"loc":{"start":{"line":15,"column":2},"end":{"line":15,"column":67}},"type":"if","locations":[{"start":{"line":15,"column":2},"end":{"line":15,"column":67}},{"start":{"line":15,"column":2},"end":{"line":15,"column":67}}],"line":15},"1":{"loc":{"start":{"line":18,"column":2},"end":{"line":19,"column":73}},"type":"if","locations":[{"start":{"line":18,"column":2},"end":{"line":19,"column":73}},{"start":{"line":18,"column":2},"end":{"line":19,"column":73}}],"line":18}},"s":{"0":2,"1":2,"2":2,"3":2,"4":2,"5":2,"6":2,"7":0,"8":0,"9":2,"10":0,"11":0,"12":0,"13":0,"14":0,"15":0,"16":0,"17":0,"18":0,"19":0,"20":0,"21":0,"22":0,"23":0,"24":2},"f":{"0":0,"1":0},"b":{"0":[0,0],"1":[0,0]},"_coverageSchema":"1a1c01bbd47fc00a2c39e90264f33305004495a9","hash":"f7d494c4aaa635d14bb1260b784857149f13ee68"}
,"C:\\Users\\Kaveen Thivanka\\Desktop\\NodeJs\\11-unit-testing-02\\startup\\config.js": {"path":"C:\\Users\\Kaveen Thivanka\\Desktop\\NodeJs\\11-unit-testing-02\\startup\\config.js","statementMap":{"0":{"start":{"line":1,"column":15},"end":{"line":1,"column":32}},"1":{"start":{"line":3,"column":0},"end":{"line":9,"column":2}},"2":{"start":{"line":4,"column":2},"end":{"line":8,"column":3}},"3":{"start":{"line":7,"column":4},"end":{"line":7,"column":66}}},"fnMap":{"0":{"name":"(anonymous_0)","decl":{"start":{"line":3,"column":17},"end":{"line":3,"column":18}},"loc":{"start":{"line":3,"column":29},"end":{"line":9,"column":1}},"line":3}},"branchMap":{"0":{"loc":{"start":{"line":4,"column":2},"end":{"line":8,"column":3}},"type":"if","locations":[{"start":{"line":4,"column":2},"end":{"line":8,"column":3}},{"start":{"line":4,"column":2},"end":{"line":8,"column":3}}],"line":4}},"s":{"0":2,"1":2,"2":2,"3":0},"f":{"0":2},"b":{"0":[0,2]},"_coverageSchema":"1a1c01bbd47fc00a2c39e90264f33305004495a9","hash":"b2fcee7441d7de09178d09c9f36e4525572f6765"}
,"C:\\Users\\Kaveen Thivanka\\Desktop\\NodeJs\\11-unit-testing-02\\startup\\db.js": {"path":"C:\\Users\\Kaveen Thivanka\\Desktop\\NodeJs\\11-unit-testing-02\\startup\\db.js","statementMap":{"0":{"start":{"line":1,"column":17},"end":{"line":1,"column":36}},"1":{"start":{"line":2,"column":19},"end":{"line":2,"column":38}},"2":{"start":{"line":3,"column":15},"end":{"line":3,"column":32}},"3":{"start":{"line":5,"column":0},"end":{"line":17,"column":2}},"4":{"start":{"line":6,"column":13},"end":{"line":6,"column":29}},"5":{"start":{"line":7,"column":2},"end":{"line":16,"column":68}},"6":{"start":{"line":14,"column":6},"end":{"line":14,"column":56}},"7":{"start":{"line":16,"column":20},"end":{"line":16,"column":66}}},"fnMap":{"0":{"name":"(anonymous_0)","decl":{"start":{"line":5,"column":17},"end":{"line":5,"column":18}},"loc":{"start":{"line":5,"column":29},"end":{"line":17,"column":1}},"line":5},"1":{"name":"(anonymous_1)","decl":{"start":{"line":12,"column":10},"end":{"line":12,"column":11}},"loc":{"start":{"line":12,"column":16},"end":{"line":15,"column":5}},"line":12},"2":{"name":"(anonymous_2)","decl":{"start":{"line":16,"column":11},"end":{"line":16,"column":12}},"loc":{"start":{"line":16,"column":20},"end":{"line":16,"column":66}},"line":16}},"branchMap":{},"s":{"0":2,"1":2,"2":2,"3":2,"4":2,"5":2,"6":2,"7":0},"f":{"0":2,"1":2,"2":0},"b":{},"_coverageSchema":"1a1c01bbd47fc00a2c39e90264f33305004495a9","hash":"5c7e8bb739d8f319f9219b12470fc99fa4a28a7a"}
,"C:\\Users\\Kaveen Thivanka\\Desktop\\NodeJs\\11-unit-testing-02\\startup\\logger.js": {"path":"C:\\Users\\Kaveen Thivanka\\Desktop\\NodeJs\\11-unit-testing-02\\startup\\logger.js","statementMap":{"0":{"start":{"line":1,"column":45},"end":{"line":1,"column":63}},"1":{"start":{"line":2,"column":39},"end":{"line":2,"column":45}},"2":{"start":{"line":4,"column":17},"end":{"line":6,"column":2}},"3":{"start":{"line":5,"column":2},"end":{"line":5,"column":45}},"4":{"start":{"line":8,"column":17},"end":{"line":10,"column":1}},"5":{"start":{"line":9,"column":2},"end":{"line":9,"column":74}},"6":{"start":{"line":12,"column":15},"end":{"line":32,"column":2}},"7":{"start":{"line":34,"column":0},"end":{"line":34,"column":28}}},"fnMap":{"0":{"name":"(anonymous_0)","decl":{"start":{"line":4,"column":24},"end":{"line":4,"column":25}},"loc":{"start":{"line":4,"column":59},"end":{"line":6,"column":1}},"line":4},"1":{"name":"(anonymous_1)","decl":{"start":{"line":8,"column":17},"end":{"line":8,"column":18}},"loc":{"start":{"line":8,"column":23},"end":{"line":10,"column":1}},"line":8}},"branchMap":{},"s":{"0":2,"1":2,"2":2,"3":4,"4":2,"5":4,"6":2,"7":2},"f":{"0":4,"1":4},"b":{},"_coverageSchema":"1a1c01bbd47fc00a2c39e90264f33305004495a9","hash":"6c748f19de134705bad16d17e4773b3ff630079d"}
,"C:\\Users\\Kaveen Thivanka\\Desktop\\NodeJs\\11-unit-testing-02\\startup\\logging.js": {"path":"C:\\Users\\Kaveen Thivanka\\Desktop\\NodeJs\\11-unit-testing-02\\startup\\logging.js","statementMap":{"0":{"start":{"line":1,"column":0},"end":{"line":8,"column":2}},"1":{"start":{"line":2,"column":2},"end":{"line":7,"column":5}},"2":{"start":{"line":6,"column":4},"end":{"line":6,"column":13}}},"fnMap":{"0":{"name":"(anonymous_0)","decl":{"start":{"line":1,"column":17},"end":{"line":1,"column":18}},"loc":{"start":{"line":1,"column":29},"end":{"line":8,"column":1}},"line":1},"1":{"name":"(anonymous_1)","decl":{"start":{"line":2,"column":35},"end":{"line":2,"column":36}},"loc":{"start":{"line":2,"column":43},"end":{"line":7,"column":3}},"line":2}},"branchMap":{},"s":{"0":2,"1":2,"2":0},"f":{"0":2,"1":0},"b":{},"_coverageSchema":"1a1c01bbd47fc00a2c39e90264f33305004495a9","hash":"6ec3d664fcacac137afab7b57c1f3a887664e34c"}
,"C:\\Users\\Kaveen Thivanka\\Desktop\\NodeJs\\11-unit-testing-02\\startup\\routes.js": {"path":"C:\\Users\\Kaveen Thivanka\\Desktop\\NodeJs\\11-unit-testing-02\\startup\\routes.js","statementMap":{"0":{"start":{"line":1,"column":14},"end":{"line":1,"column":44}},"1":{"start":{"line":2,"column":15},"end":{"line":2,"column":42}},"2":{"start":{"line":3,"column":18},"end":{"line":3,"column":48}},"3":{"start":{"line":4,"column":15},"end":{"line":4,"column":42}},"4":{"start":{"line":5,"column":16},"end":{"line":5,"column":44}},"5":{"start":{"line":6,"column":14},"end":{"line":6,"column":40}},"6":{"start":{"line":7,"column":13},"end":{"line":7,"column":38}},"7":{"start":{"line":8,"column":16},"end":{"line":8,"column":34}},"8":{"start":{"line":10,"column":0},"end":{"line":20,"column":2}},"9":{"start":{"line":11,"column":2},"end":{"line":11,"column":26}},"10":{"start":{"line":12,"column":2},"end":{"line":12,"column":50}},"11":{"start":{"line":13,"column":2},"end":{"line":13,"column":33}},"12":{"start":{"line":14,"column":2},"end":{"line":14,"column":39}},"13":{"start":{"line":15,"column":2},"end":{"line":15,"column":33}},"14":{"start":{"line":16,"column":2},"end":{"line":16,"column":35}},"15":{"start":{"line":17,"column":2},"end":{"line":17,"column":31}},"16":{"start":{"line":18,"column":2},"end":{"line":18,"column":29}},"17":{"start":{"line":19,"column":2},"end":{"line":19,"column":17}}},"fnMap":{"0":{"name":"(anonymous_0)","decl":{"start":{"line":10,"column":17},"end":{"line":10,"column":18}},"loc":{"start":{"line":10,"column":32},"end":{"line":20,"column":1}},"line":10}},"branchMap":{},"s":{"0":2,"1":2,"2":2,"3":2,"4":2,"5":2,"6":2,"7":2,"8":2,"9":2,"10":2,"11":2,"12":2,"13":2,"14":2,"15":2,"16":2,"17":2},"f":{"0":2},"b":{},"_coverageSchema":"1a1c01bbd47fc00a2c39e90264f33305004495a9","hash":"22867d28e9f5fd1cdb40e0721ade475fcdb84d77"}
,"C:\\Users\\Kaveen Thivanka\\Desktop\\NodeJs\\11-unit-testing-02\\startup\\validation.js": {"path":"C:\\Users\\Kaveen Thivanka\\Desktop\\NodeJs\\11-unit-testing-02\\startup\\validation.js","statementMap":{"0":{"start":{"line":1,"column":12},"end":{"line":1,"column":26}},"1":{"start":{"line":3,"column":0},"end":{"line":5,"column":2}},"2":{"start":{"line":4,"column":2},"end":{"line":4,"column":46}}},"fnMap":{"0":{"name":"(anonymous_0)","decl":{"start":{"line":3,"column":17},"end":{"line":3,"column":18}},"loc":{"start":{"line":3,"column":29},"end":{"line":5,"column":1}},"line":3}},"branchMap":{},"s":{"0":2,"1":2,"2":2},"f":{"0":2},"b":{},"_coverageSchema":"1a1c01bbd47fc00a2c39e90264f33305004495a9","hash":"ea71728a71b1ba7b7950f808a3e6a63002416d8c"}
}
